Using pre-set license
Built from '2020.3/staging' branch; Version is '2020.3.5f1 (8095aa901b9b) revision 8426922'; Using compiler version '192528614'; Build Type 'Release'
OS: 'Windows 10 Education; OS build 19042.928; Version 2009; 64bit' Language: 'en' Physical Memory: 16307 MB
BatchMode: 1, IsHumanControllingUs: 0, StartBugReporterOnCrash: 0, Is64bit: 1, IsPro: 0

 COMMAND LINE ARGUMENTS:
D:\Program Files\2020.3.5f1\Editor\Unity.exe
-adb2
-batchMode
-noUpm
-name
AssetImportWorker0
-projectPath
C:/Users/Cade/Documents/GitHub/O-Zone/O-Zone-Project
-logFile
Logs/AssetImportWorker0.log
-srvPort
61034
Successfully changed project path to: C:/Users/Cade/Documents/GitHub/O-Zone/O-Zone-Project
C:/Users/Cade/Documents/GitHub/O-Zone/O-Zone-Project
Using Asset Import Pipeline V2.
Refreshing native plugins compatible for Editor in 36.39 ms, found 1 plugins.
Preloading 0 native plugins for Editor in 0.00 ms.
Initialize engine version: 2020.3.5f1 (8095aa901b9b)
[Subsystems] Discovering subsystems at path D:/Program Files/2020.3.5f1/Editor/Data/Resources/UnitySubsystems
[Subsystems] Discovering subsystems at path C:/Users/Cade/Documents/GitHub/O-Zone/O-Zone-Project/Assets
GfxDevice: creating device client; threaded=0
Direct3D:
    Version:  Direct3D 11.0 [level 11.1]
    Renderer: NVIDIA GeForce GTX 1070 (ID=0x1b81)
    Vendor:   
    VRAM:     8088 MB
    Driver:   27.21.14.5671
Initialize mono
Mono path[0] = 'D:/Program Files/2020.3.5f1/Editor/Data/Managed'
Mono path[1] = 'D:/Program Files/2020.3.5f1/Editor/Data/MonoBleedingEdge/lib/mono/unityjit'
Mono config path = 'D:/Program Files/2020.3.5f1/Editor/Data/MonoBleedingEdge/etc'
Using monoOptions --debugger-agent=transport=dt_socket,embedding=1,server=y,suspend=n,address=127.0.0.1:56288
Begin MonoManager ReloadAssembly
Registering precompiled unity dll's ...
Register platform support module: D:/Program Files/2020.3.5f1/Editor/Data/PlaybackEngines/WebGLSupport/UnityEditor.WebGL.Extensions.dll
Register platform support module: D:/Program Files/2020.3.5f1/Editor/Data/PlaybackEngines/MacStandaloneSupport/UnityEditor.OSXStandalone.Extensions.dll
Register platform support module: D:/Program Files/2020.3.5f1/Editor/Data/PlaybackEngines/WindowsStandaloneSupport/UnityEditor.WindowsStandalone.Extensions.dll
Registered in 0.001517 seconds.
Native extension for WindowsStandalone target not found
Native extension for OSXStandalone target not found
Native extension for WebGL target not found
Refreshing native plugins compatible for Editor in 37.11 ms, found 1 plugins.
Preloading 0 native plugins for Editor in 0.00 ms.
Mono: successfully reloaded assembly
- Completed reload, in  1.210 seconds
Platform modules already initialized, skipping
Registering precompiled user dll's ...
Registered in 0.000860 seconds.
Begin MonoManager ReloadAssembly
Native extension for WindowsStandalone target not found
Native extension for OSXStandalone target not found
Native extension for WebGL target not found
Refreshing native plugins compatible for Editor in 37.77 ms, found 1 plugins.
Preloading 0 native plugins for Editor in 0.00 ms.
Mono: successfully reloaded assembly
- Completed reload, in  0.942 seconds
Platform modules already initialized, skipping
========================================================================
Worker process is ready to serve import requests
Launched and connected shader compiler UnityShaderCompiler.exe after 0.04 seconds
Refreshing native plugins compatible for Editor in 0.39 ms, found 1 plugins.
Preloading 0 native plugins for Editor in 0.00 ms.
Unloading 2048 Unused Serialized files (Serialized files now loaded: 0)
System memory in use before: 96.2 MB.
System memory in use after: 96.3 MB.

Unloading 21 unused Assets to reduce memory usage. Loaded Objects now: 2498.
Total: 2.382600 ms (FindLiveObjects: 0.285300 ms CreateObjectMapping: 0.083500 ms MarkObjects: 1.813800 ms  DeleteObjects: 0.198500 ms)

========================================================================
Received Import Request.
  path: Assets/Graphics/ozone clouds.png
  artifactKey: Guid(dab030d3d31202743bd9165055caba63) Importer(815301076,1909f56bfc062723c751e8b465ee728b)
Start importing Assets/Graphics/ozone clouds.png using Guid(dab030d3d31202743bd9165055caba63) Importer(815301076,1909f56bfc062723c751e8b465ee728b)  -> (artifact id: 'b5feb4d074b42400e27f2ff201a7d0d5') in 0.087256 seconds
  Import took 0.090199 seconds .

========================================================================
Received Import Request.
  Time since last request: 13.409674 seconds.
  path: Assets/Graphics/ozone clouds.png
  artifactKey: Guid(dab030d3d31202743bd9165055caba63) Importer(815301076,1909f56bfc062723c751e8b465ee728b)
Start importing Assets/Graphics/ozone clouds.png using Guid(dab030d3d31202743bd9165055caba63) Importer(815301076,1909f56bfc062723c751e8b465ee728b)  -> (artifact id: 'bdfeeaa0c8ad5b10bfb1f7c9e72992b7') in 0.011544 seconds
  Import took 0.014548 seconds .

========================================================================
Received Import Request.
  Time since last request: 156.523001 seconds.
  path: ProjectSettings/TagManager.asset
  artifactKey: Guid(00000000000000003000000000000000) Importer(815301076,1909f56bfc062723c751e8b465ee728b)
Start importing ProjectSettings/TagManager.asset using Guid(00000000000000003000000000000000) Importer(815301076,1909f56bfc062723c751e8b465ee728b)  -> (artifact id: '1c037ca2c5e51484f479ce63818a6327') in 0.017270 seconds
  Import took 0.021070 seconds .

